<?xml version="1.0" encoding="UTF-8"?>
<!-- Generated by org.testng.reporters.JUnitReportReporter -->
<testsuite skipped="0" hostname="DESKTOP-7881JK4" name="tests.CheckoutPageTest" tests="1" failures="0" timestamp="30 Mar 2025 17:18:52 GMT" time="7.830" errors="0">
  <testcase name="testCheckout" time="7.830" classname="tests.CheckoutPageTest"/>
</testsuite> <!-- tests.CheckoutPageTest -->
